[8.7.2020 @ 17:18] Log file created, to disable logging check the index.js file: config section. logging is currently: false 
[8.7.2020 @ 17:18] UncaugthException: Error: listen EADDRINUSE: address already in use :::80
    at Server.setupListenHandle [as _listen2] (net.js:1313:16)
    at listenInCluster (net.js:1361:12)
    at Server.listen (net.js:1449:7)
    at Object.<anonymous> (C:\Users\gards\OneDrive\Skrivebord\JS\node\Web\cad\index.js:19:48)
    at Module._compile (internal/modules/cjs/loader.js:1133:30)
    at Object.Module._extensions..js (internal/modules/cjs/loader.js:1153:10)
    at Module.load (internal/modules/cjs/loader.js:977:32)
    at Function.Module._load (internal/modules/cjs/loader.js:877:14)
    at Function.executeUserEntryPoint [as runMain] (internal/modules/run_main.js:74:12)
    at internal/main/run_main_module.js:18:47
[8.7.2020 @ 23:24] ---------------
[8.7.2020 @ 23:24] Server started
[8.7.2020 @ 23:24] ---------------
[11.7.2020 @ 20:58] ---------------
[11.7.2020 @ 20:58] Server started
[11.7.2020 @ 20:58] ---------------
[11.7.2020 @ 20:58] -------------------------
[11.7.2020 @ 20:58] server shutting down
[11.7.2020 @ 20:58] -------------------------
[11.7.2020 @ 21:01] ---------------
[11.7.2020 @ 21:01] Server started
[11.7.2020 @ 21:01] ---------------
[11.7.2020 @ 21:01] -------------------------
[11.7.2020 @ 21:01] server shutting down
[11.7.2020 @ 21:01] -------------------------
[11.7.2020 @ 21:19] ---------------
[11.7.2020 @ 21:19] Server started
[11.7.2020 @ 21:19] ---------------
[11.7.2020 @ 21:20] UncaugthException: Error: listen EADDRINUSE: address already in use :::80
    at Server.setupListenHandle [as _listen2] (net.js:1313:16)
    at listenInCluster (net.js:1361:12)
    at Server.listen (net.js:1449:7)
    at Object.<anonymous> (C:\Users\gards\OneDrive\Skrivebord\JS\node\Web\cad\index.js:19:48)
    at Module._compile (internal/modules/cjs/loader.js:1133:30)
    at Object.Module._extensions..js (internal/modules/cjs/loader.js:1153:10)
    at Module.load (internal/modules/cjs/loader.js:977:32)
    at Function.Module._load (internal/modules/cjs/loader.js:877:14)
    at Function.executeUserEntryPoint [as runMain] (internal/modules/run_main.js:74:12)
    at internal/main/run_main_module.js:18:47
[11.7.2020 @ 21:36] -------------------------
[11.7.2020 @ 21:36] server shutting down
[11.7.2020 @ 21:36] -------------------------
[11.7.2020 @ 21:36] ---------------
[11.7.2020 @ 21:36] Server started
[11.7.2020 @ 21:36] ---------------
[11.7.2020 @ 21:38] -------------------------
[11.7.2020 @ 21:38] server shutting down
[11.7.2020 @ 21:38] -------------------------
[11.7.2020 @ 21:39] ---------------
[11.7.2020 @ 21:39] Server started
[11.7.2020 @ 21:39] ---------------
[11.7.2020 @ 21:39] -------------------------
[11.7.2020 @ 21:39] server shutting down
[11.7.2020 @ 21:39] -------------------------
[11.7.2020 @ 21:39] ---------------
[11.7.2020 @ 21:39] Server started
[11.7.2020 @ 21:39] ---------------
[11.7.2020 @ 21:40] -------------------------
[11.7.2020 @ 21:40] server shutting down
[11.7.2020 @ 21:40] -------------------------
[11.7.2020 @ 21:42] ---------------
[11.7.2020 @ 21:42] Server started
[11.7.2020 @ 21:42] ---------------
[11.7.2020 @ 21:43] -------------------------
[11.7.2020 @ 21:43] server shutting down
[11.7.2020 @ 21:43] -------------------------
[11.7.2020 @ 21:43] ---------------
[11.7.2020 @ 21:43] Server started
[11.7.2020 @ 21:43] ---------------
[11.7.2020 @ 21:43] -------------------------
[11.7.2020 @ 21:43] server shutting down
[11.7.2020 @ 21:43] -------------------------
[11.7.2020 @ 21:43] ---------------
[11.7.2020 @ 21:43] Server started
[11.7.2020 @ 21:43] ---------------
[11.7.2020 @ 21:44] -------------------------
[11.7.2020 @ 21:44] server shutting down
[11.7.2020 @ 21:44] -------------------------
[11.7.2020 @ 21:44] ---------------
[11.7.2020 @ 21:44] Server started
[11.7.2020 @ 21:44] ---------------
[11.7.2020 @ 22:29] ---------------
[11.7.2020 @ 22:29] Server started
[11.7.2020 @ 22:29] ---------------
[11.7.2020 @ 22:31] -------------------------
[11.7.2020 @ 22:31] server shutting down
[11.7.2020 @ 22:31] -------------------------
[11.7.2020 @ 22:31] ---------------
[11.7.2020 @ 22:31] Server started
[11.7.2020 @ 22:31] ---------------
[11.7.2020 @ 22:34] UncaugthException: Error: listen EADDRINUSE: address already in use :::80
    at Server.setupListenHandle [as _listen2] (net.js:1313:16)
    at listenInCluster (net.js:1361:12)
    at Server.listen (net.js:1449:7)
    at Object.<anonymous> (C:\Users\gards\OneDrive\Skrivebord\JS\node\Web\cad\index.js:19:48)
    at Module._compile (internal/modules/cjs/loader.js:1133:30)
    at Object.Module._extensions..js (internal/modules/cjs/loader.js:1153:10)
    at Module.load (internal/modules/cjs/loader.js:977:32)
    at Function.Module._load (internal/modules/cjs/loader.js:877:14)
    at Function.executeUserEntryPoint [as runMain] (internal/modules/run_main.js:74:12)
    at internal/main/run_main_module.js:18:47
[11.7.2020 @ 22:34] -------------------------
[11.7.2020 @ 22:34] server shutting down
[11.7.2020 @ 22:34] -------------------------
[11.7.2020 @ 22:34] ---------------
[11.7.2020 @ 22:34] Server started
[11.7.2020 @ 22:34] ---------------
[11.7.2020 @ 22:34] -------------------------
[11.7.2020 @ 22:34] server shutting down
[11.7.2020 @ 22:34] -------------------------
[11.7.2020 @ 22:34] ---------------
[11.7.2020 @ 22:34] Server started
[11.7.2020 @ 22:34] ---------------
[11.7.2020 @ 22:34] -------------------------
[11.7.2020 @ 22:34] server shutting down
[11.7.2020 @ 22:34] -------------------------
[11.7.2020 @ 22:34] ---------------
[11.7.2020 @ 22:34] Server started
[11.7.2020 @ 22:34] ---------------
[11.7.2020 @ 22:37] -------------------------
[11.7.2020 @ 22:37] server shutting down
[11.7.2020 @ 22:37] -------------------------
[11.7.2020 @ 22:37] ---------------
[11.7.2020 @ 22:37] Server started
[11.7.2020 @ 22:37] ---------------
[11.7.2020 @ 22:38] -------------------------
[11.7.2020 @ 22:38] server shutting down
[11.7.2020 @ 22:38] -------------------------
[11.7.2020 @ 22:38] ---------------
[11.7.2020 @ 22:38] Server started
[11.7.2020 @ 22:38] ---------------
[11.7.2020 @ 22:41] -------------------------
[11.7.2020 @ 22:41] server shutting down
[11.7.2020 @ 22:41] -------------------------
[11.7.2020 @ 22:41] ---------------
[11.7.2020 @ 22:41] Server started
[11.7.2020 @ 22:41] ---------------
[11.7.2020 @ 22:42] -------------------------
[11.7.2020 @ 22:42] server shutting down
[11.7.2020 @ 22:42] -------------------------
[11.7.2020 @ 22:42] ---------------
[11.7.2020 @ 22:42] Server started
[11.7.2020 @ 22:42] ---------------
[11.7.2020 @ 22:43] -------------------------
[11.7.2020 @ 22:43] server shutting down
[11.7.2020 @ 22:43] -------------------------
[11.7.2020 @ 22:43] ---------------
[11.7.2020 @ 22:43] Server started
[11.7.2020 @ 22:43] ---------------
[11.7.2020 @ 22:44] -------------------------
[11.7.2020 @ 22:44] server shutting down
[11.7.2020 @ 22:44] -------------------------
[11.7.2020 @ 22:45] ---------------
[11.7.2020 @ 22:45] Server started
[11.7.2020 @ 22:45] ---------------
[11.7.2020 @ 22:49] -------------------------
[11.7.2020 @ 22:49] server shutting down
[11.7.2020 @ 22:49] -------------------------
[11.7.2020 @ 22:49] ---------------
[11.7.2020 @ 22:49] Server started
[11.7.2020 @ 22:49] ---------------
[11.7.2020 @ 22:55] UncaugthException: Error: listen EADDRINUSE: address already in use :::80
    at Server.setupListenHandle [as _listen2] (net.js:1313:16)
    at listenInCluster (net.js:1361:12)
    at Server.listen (net.js:1449:7)
    at Object.<anonymous> (C:\Users\gards\OneDrive\Skrivebord\JS\node\Web\cad\index.js:19:48)
    at Module._compile (internal/modules/cjs/loader.js:1133:30)
    at Object.Module._extensions..js (internal/modules/cjs/loader.js:1153:10)
    at Module.load (internal/modules/cjs/loader.js:977:32)
    at Function.Module._load (internal/modules/cjs/loader.js:877:14)
    at Function.executeUserEntryPoint [as runMain] (internal/modules/run_main.js:74:12)
    at internal/main/run_main_module.js:18:47
[11.7.2020 @ 22:55] -------------------------
[11.7.2020 @ 22:55] server shutting down
[11.7.2020 @ 22:55] -------------------------
[11.7.2020 @ 22:55] ---------------
[11.7.2020 @ 22:55] Server started
[11.7.2020 @ 22:55] ---------------
[11.7.2020 @ 22:55] UncaugthException: Error: listen EADDRINUSE: address already in use :::80
    at Server.setupListenHandle [as _listen2] (net.js:1313:16)
    at listenInCluster (net.js:1361:12)
    at Server.listen (net.js:1449:7)
    at Object.<anonymous> (C:\Users\gards\OneDrive\Skrivebord\JS\node\Web\cad\index.js:19:48)
    at Module._compile (internal/modules/cjs/loader.js:1133:30)
    at Object.Module._extensions..js (internal/modules/cjs/loader.js:1153:10)
    at Module.load (internal/modules/cjs/loader.js:977:32)
    at Function.Module._load (internal/modules/cjs/loader.js:877:14)
    at Function.executeUserEntryPoint [as runMain] (internal/modules/run_main.js:74:12)
    at internal/main/run_main_module.js:18:47
[11.7.2020 @ 22:55] -------------------------
[11.7.2020 @ 22:55] server shutting down
[11.7.2020 @ 22:55] -------------------------
[11.7.2020 @ 22:55] ---------------
[11.7.2020 @ 22:55] Server started
[11.7.2020 @ 22:55] ---------------
[11.7.2020 @ 23:26] UncaugthException: Error: listen EADDRINUSE: address already in use :::80
    at Server.setupListenHandle [as _listen2] (net.js:1313:16)
    at listenInCluster (net.js:1361:12)
    at Server.listen (net.js:1449:7)
    at Object.<anonymous> (C:\Users\gards\OneDrive\Skrivebord\JS\node\Web\cad\index.js:19:48)
    at Module._compile (internal/modules/cjs/loader.js:1133:30)
    at Object.Module._extensions..js (internal/modules/cjs/loader.js:1153:10)
    at Module.load (internal/modules/cjs/loader.js:977:32)
    at Function.Module._load (internal/modules/cjs/loader.js:877:14)
    at Function.executeUserEntryPoint [as runMain] (internal/modules/run_main.js:74:12)
    at internal/main/run_main_module.js:18:47
[11.7.2020 @ 23:31] -------------------------
[11.7.2020 @ 23:31] server shutting down
[11.7.2020 @ 23:31] -------------------------
[11.7.2020 @ 23:31] ---------------
[11.7.2020 @ 23:31] Server started
[11.7.2020 @ 23:31] ---------------
[11.7.2020 @ 23:53] -------------------------
[11.7.2020 @ 23:53] server shutting down
[11.7.2020 @ 23:53] -------------------------
[11.7.2020 @ 23:53] ---------------
[11.7.2020 @ 23:53] Server started
[11.7.2020 @ 23:53] ---------------
[11.7.2020 @ 23:54] -------------------------
[11.7.2020 @ 23:54] server shutting down
[11.7.2020 @ 23:54] -------------------------
[11.7.2020 @ 23:54] ---------------
[11.7.2020 @ 23:54] Server started
[11.7.2020 @ 23:54] ---------------
[11.7.2020 @ 23:55] -------------------------
[11.7.2020 @ 23:55] server shutting down
[11.7.2020 @ 23:55] -------------------------
[11.7.2020 @ 23:55] ---------------
[11.7.2020 @ 23:55] Server started
[11.7.2020 @ 23:55] ---------------
[12.7.2020 @ 0:20] -------------------------
[12.7.2020 @ 0:20] server shutting down
[12.7.2020 @ 0:20] -------------------------
[12.7.2020 @ 0:20] ---------------
[12.7.2020 @ 0:20] Server started
[12.7.2020 @ 0:20] ---------------
[12.7.2020 @ 0:21] -------------------------
[12.7.2020 @ 0:21] server shutting down
[12.7.2020 @ 0:21] -------------------------
[12.7.2020 @ 0:22] ---------------
[12.7.2020 @ 0:22] Server started
[12.7.2020 @ 0:22] ---------------
[12.7.2020 @ 0:23] -------------------------
[12.7.2020 @ 0:23] server shutting down
[12.7.2020 @ 0:23] -------------------------
[12.7.2020 @ 0:24] ---------------
[12.7.2020 @ 0:24] Server started
[12.7.2020 @ 0:24] ---------------
[12.7.2020 @ 0:24] -------------------------
[12.7.2020 @ 0:24] server shutting down
[12.7.2020 @ 0:24] -------------------------
[12.7.2020 @ 0:24] ---------------
[12.7.2020 @ 0:24] Server started
[12.7.2020 @ 0:24] ---------------
[12.7.2020 @ 0:25] -------------------------
[12.7.2020 @ 0:25] server shutting down
[12.7.2020 @ 0:25] -------------------------
[12.7.2020 @ 0:25] ---------------
[12.7.2020 @ 0:25] Server started
[12.7.2020 @ 0:25] ---------------
[12.7.2020 @ 0:25] -------------------------
[12.7.2020 @ 0:25] server shutting down
[12.7.2020 @ 0:25] -------------------------
[12.7.2020 @ 0:25] ---------------
[12.7.2020 @ 0:25] Server started
[12.7.2020 @ 0:25] ---------------
[12.7.2020 @ 0:26] -------------------------
[12.7.2020 @ 0:26] server shutting down
[12.7.2020 @ 0:26] -------------------------
[12.7.2020 @ 0:26] ---------------
[12.7.2020 @ 0:26] Server started
[12.7.2020 @ 0:26] ---------------
[12.7.2020 @ 0:27] -------------------------
[12.7.2020 @ 0:27] server shutting down
[12.7.2020 @ 0:27] -------------------------
[12.7.2020 @ 0:27] ---------------
[12.7.2020 @ 0:27] Server started
[12.7.2020 @ 0:27] ---------------
[12.7.2020 @ 0:28] -------------------------
[12.7.2020 @ 0:28] server shutting down
[12.7.2020 @ 0:28] -------------------------
[12.7.2020 @ 0:28] ---------------
[12.7.2020 @ 0:28] Server started
[12.7.2020 @ 0:28] ---------------
[12.7.2020 @ 0:29] -------------------------
[12.7.2020 @ 0:29] server shutting down
[12.7.2020 @ 0:29] -------------------------
[12.7.2020 @ 0:29] ---------------
[12.7.2020 @ 0:29] Server started
[12.7.2020 @ 0:29] ---------------
[12.7.2020 @ 0:35] -------------------------
[12.7.2020 @ 0:35] server shutting down
[12.7.2020 @ 0:35] -------------------------
[12.7.2020 @ 0:36] ---------------
[12.7.2020 @ 0:36] Server started
[12.7.2020 @ 0:36] ---------------
[12.7.2020 @ 0:38] -------------------------
[12.7.2020 @ 0:38] server shutting down
[12.7.2020 @ 0:38] -------------------------
[12.7.2020 @ 1:23] ---------------
[12.7.2020 @ 1:23] Server started
[12.7.2020 @ 1:23] ---------------
[12.7.2020 @ 1:23] ---------------
[12.7.2020 @ 1:23] Server started
[12.7.2020 @ 1:23] ---------------
[12.7.2020 @ 1:23] ---------------
[12.7.2020 @ 1:23] Server started
[12.7.2020 @ 1:23] ---------------
[12.7.2020 @ 1:23] ---------------
[12.7.2020 @ 1:23] Server started
[12.7.2020 @ 1:23] ---------------
[12.7.2020 @ 1:25] UncaugthException: Error: listen EADDRINUSE: address already in use :::80
    at Server.setupListenHandle [as _listen2] (net.js:1313:16)
    at listenInCluster (net.js:1361:12)
    at Server.listen (net.js:1449:7)
    at Object.<anonymous> (C:\Users\gards\OneDrive\Skrivebord\JS\node\Web\cad\index.js:20:48)
    at Module._compile (internal/modules/cjs/loader.js:1133:30)
    at Object.Module._extensions..js (internal/modules/cjs/loader.js:1153:10)
    at Module.load (internal/modules/cjs/loader.js:977:32)
    at Function.Module._load (internal/modules/cjs/loader.js:877:14)
    at Function.executeUserEntryPoint [as runMain] (internal/modules/run_main.js:74:12)
    at internal/main/run_main_module.js:18:47
[12.7.2020 @ 1:25] ---------------
[12.7.2020 @ 1:25] Server started
[12.7.2020 @ 1:25] ---------------
[12.7.2020 @ 1:25] ---------------
[12.7.2020 @ 1:25] Server started
[12.7.2020 @ 1:25] ---------------
[12.7.2020 @ 1:26] ---------------
[12.7.2020 @ 1:26] Server started
[12.7.2020 @ 1:26] ---------------
[12.7.2020 @ 1:26] ---------------
[12.7.2020 @ 1:26] Server started
[12.7.2020 @ 1:26] ---------------
[12.7.2020 @ 1:27] UncaugthException: Error: listen EADDRINUSE: address already in use :::80
    at Server.setupListenHandle [as _listen2] (net.js:1313:16)
    at listenInCluster (net.js:1361:12)
    at Server.listen (net.js:1449:7)
    at Object.<anonymous> (C:\Users\gards\OneDrive\Skrivebord\JS\node\Web\cad\index.js:20:48)
    at Module._compile (internal/modules/cjs/loader.js:1133:30)
    at Object.Module._extensions..js (internal/modules/cjs/loader.js:1153:10)
    at Module.load (internal/modules/cjs/loader.js:977:32)
    at Function.Module._load (internal/modules/cjs/loader.js:877:14)
    at Function.executeUserEntryPoint [as runMain] (internal/modules/run_main.js:74:12)
    at internal/main/run_main_module.js:18:47
[12.7.2020 @ 1:27] ---------------
[12.7.2020 @ 1:27] Server started
[12.7.2020 @ 1:27] ---------------
[12.7.2020 @ 1:27] ---------------
[12.7.2020 @ 1:27] Server started
[12.7.2020 @ 1:27] ---------------
[12.7.2020 @ 1:37] UncaugthException: Error: listen EADDRINUSE: address already in use :::80
    at Server.setupListenHandle [as _listen2] (net.js:1313:16)
    at listenInCluster (net.js:1361:12)
    at Server.listen (net.js:1449:7)
    at Object.<anonymous> (C:\Users\gards\OneDrive\Skrivebord\JS\node\Web\cad\index.js:20:48)
    at Module._compile (internal/modules/cjs/loader.js:1133:30)
    at Object.Module._extensions..js (internal/modules/cjs/loader.js:1153:10)
    at Module.load (internal/modules/cjs/loader.js:977:32)
    at Function.Module._load (internal/modules/cjs/loader.js:877:14)
    at Function.executeUserEntryPoint [as runMain] (internal/modules/run_main.js:74:12)
    at internal/main/run_main_module.js:18:47
[12.7.2020 @ 1:37] ---------------
[12.7.2020 @ 1:37] Server started
[12.7.2020 @ 1:37] ---------------
[12.7.2020 @ 1:45] -------------------------
[12.7.2020 @ 1:45] server shutting down
[12.7.2020 @ 1:45] -------------------------
[12.7.2020 @ 1:46] ---------------
[12.7.2020 @ 1:46] Server started
[12.7.2020 @ 1:46] ---------------
[12.7.2020 @ 4:02] ---------------
[12.7.2020 @ 4:02] Server started
[12.7.2020 @ 4:02] ---------------
[12.7.2020 @ 14:10] ---------------
[12.7.2020 @ 14:10] Server started
[12.7.2020 @ 14:10] ---------------
[12.7.2020 @ 14:14] ---------------
[12.7.2020 @ 14:14] Server started
[12.7.2020 @ 14:14] ---------------
[12.7.2020 @ 14:19] -------------------------
[12.7.2020 @ 14:19] server shutting down
[12.7.2020 @ 14:19] -------------------------
[12.7.2020 @ 14:19] ---------------
[12.7.2020 @ 14:19] Server started
[12.7.2020 @ 14:19] ---------------
[12.7.2020 @ 14:20] -------------------------
[12.7.2020 @ 14:20] server shutting down
[12.7.2020 @ 14:20] -------------------------
[12.7.2020 @ 14:20] ---------------
[12.7.2020 @ 14:20] Server started
[12.7.2020 @ 14:20] ---------------
[12.7.2020 @ 14:22] -------------------------
[12.7.2020 @ 14:22] server shutting down
[12.7.2020 @ 14:22] -------------------------
[12.7.2020 @ 14:22] ---------------
[12.7.2020 @ 14:22] Server started
[12.7.2020 @ 14:22] ---------------
[12.7.2020 @ 14:27] -------------------------
[12.7.2020 @ 14:27] server shutting down
[12.7.2020 @ 14:27] -------------------------
[12.7.2020 @ 14:27] ---------------
[12.7.2020 @ 14:27] Server started
[12.7.2020 @ 14:27] ---------------
[12.7.2020 @ 15:39] ---------------
[12.7.2020 @ 15:39] Server started
[12.7.2020 @ 15:39] ---------------
[12.7.2020 @ 18:54] ---------------
[12.7.2020 @ 18:54] Server started
[12.7.2020 @ 18:54] ---------------
[12.7.2020 @ 19:16] ---------------
[12.7.2020 @ 19:16] Server started
[12.7.2020 @ 19:16] ---------------
[12.7.2020 @ 19:16] UncaugthException: Error: listen EADDRINUSE: address already in use :::80
    at Server.setupListenHandle [as _listen2] (net.js:1313:16)
    at listenInCluster (net.js:1361:12)
    at Server.listen (net.js:1449:7)
    at Object.<anonymous> (C:\Users\gards\OneDrive\Skrivebord\JS\node\Web\cad\index.js:21:48)
    at Module._compile (internal/modules/cjs/loader.js:1133:30)
    at Object.Module._extensions..js (internal/modules/cjs/loader.js:1153:10)
    at Module.load (internal/modules/cjs/loader.js:977:32)
    at Function.Module._load (internal/modules/cjs/loader.js:877:14)
    at Module.require (internal/modules/cjs/loader.js:1019:19)
    at require (internal/modules/cjs/helpers.js:77:18)
[12.7.2020 @ 19:16] ---------------
[12.7.2020 @ 19:16] Server started
[12.7.2020 @ 19:16] ---------------
[12.7.2020 @ 19:16] UncaugthException: Error: listen EADDRINUSE: address already in use :::80
    at Server.setupListenHandle [as _listen2] (net.js:1313:16)
    at listenInCluster (net.js:1361:12)
    at Server.listen (net.js:1449:7)
    at Object.<anonymous> (C:\Users\gards\OneDrive\Skrivebord\JS\node\Web\cad\index.js:21:48)
    at Module._compile (internal/modules/cjs/loader.js:1133:30)
    at Object.Module._extensions..js (internal/modules/cjs/loader.js:1153:10)
    at Module.load (internal/modules/cjs/loader.js:977:32)
    at Function.Module._load (internal/modules/cjs/loader.js:877:14)
    at Module.require (internal/modules/cjs/loader.js:1019:19)
    at require (internal/modules/cjs/helpers.js:77:18)
[12.7.2020 @ 19:32] ---------------
[12.7.2020 @ 19:32] Server started
[12.7.2020 @ 19:32] ---------------
[12.7.2020 @ 19:32] UncaugthException: Error: listen EADDRINUSE: address already in use :::80
    at Server.setupListenHandle [as _listen2] (net.js:1313:16)
    at listenInCluster (net.js:1361:12)
    at Server.listen (net.js:1449:7)
    at Object.<anonymous> (C:\Users\gards\OneDrive\Skrivebord\JS\node\Web\cad\index.js:22:48)
    at Module._compile (internal/modules/cjs/loader.js:1133:30)
    at Object.Module._extensions..js (internal/modules/cjs/loader.js:1153:10)
    at Module.load (internal/modules/cjs/loader.js:977:32)
    at Function.Module._load (internal/modules/cjs/loader.js:877:14)
    at Module.require (internal/modules/cjs/loader.js:1019:19)
    at require (internal/modules/cjs/helpers.js:77:18)
[12.7.2020 @ 19:33] UncaugthException: TypeError: msg.member.roles is not a function
    at C:\Users\gards\OneDrive\Skrivebord\JS\node\Web\cad\discordBot.js:129:39
    at Array.forEach (<anonymous>)
    at Client.<anonymous> (C:\Users\gards\OneDrive\Skrivebord\JS\node\Web\cad\discordBot.js:128:41)
    at Client.emit (events.js:310:20)
    at MessageCreateAction.handle (C:\Users\gards\OneDrive\Skrivebord\JS\node\Web\cad\node_modules\discord.js\src\client\actions\MessageCreate.js:31:14)
    at Object.module.exports [as MESSAGE_CREATE] (C:\Users\gards\OneDrive\Skrivebord\JS\node\Web\cad\node_modules\discord.js\src\client\websocket\handlers\MESSAGE_CREATE.js:4:32)
    at WebSocketManager.handlePacket (C:\Users\gards\OneDrive\Skrivebord\JS\node\Web\cad\node_modules\discord.js\src\client\websocket\WebSocketManager.js:386:31)
    at WebSocketShard.onPacket (C:\Users\gards\OneDrive\Skrivebord\JS\node\Web\cad\node_modules\discord.js\src\client\websocket\WebSocketShard.js:436:22)
    at WebSocketShard.onMessage (C:\Users\gards\OneDrive\Skrivebord\JS\node\Web\cad\node_modules\discord.js\src\client\websocket\WebSocketShard.js:293:10)
    at WebSocket.onMessage (C:\Users\gards\OneDrive\Skrivebord\JS\node\Web\cad\node_modules\ws\lib\event-target.js:120:16)
[12.7.2020 @ 19:35] ---------------
[12.7.2020 @ 19:35] Server started
[12.7.2020 @ 19:35] ---------------
[12.7.2020 @ 19:35] UncaugthException: Error: listen EADDRINUSE: address already in use :::80
    at Server.setupListenHandle [as _listen2] (net.js:1313:16)
    at listenInCluster (net.js:1361:12)
    at Server.listen (net.js:1449:7)
    at Object.<anonymous> (C:\Users\gards\OneDrive\Skrivebord\JS\node\Web\cad\index.js:22:48)
    at Module._compile (internal/modules/cjs/loader.js:1133:30)
    at Object.Module._extensions..js (internal/modules/cjs/loader.js:1153:10)
    at Module.load (internal/modules/cjs/loader.js:977:32)
    at Function.Module._load (internal/modules/cjs/loader.js:877:14)
    at Module.require (internal/modules/cjs/loader.js:1019:19)
    at require (internal/modules/cjs/helpers.js:77:18)
[12.7.2020 @ 19:35] UncaugthException: TypeError: msg.member.roles is not a function
    at C:\Users\gards\OneDrive\Skrivebord\JS\node\Web\cad\discordBot.js:41:40
    at Array.forEach (<anonymous>)
    at Client.<anonymous> (C:\Users\gards\OneDrive\Skrivebord\JS\node\Web\cad\discordBot.js:40:41)
    at Client.emit (events.js:310:20)
    at MessageCreateAction.handle (C:\Users\gards\OneDrive\Skrivebord\JS\node\Web\cad\node_modules\discord.js\src\client\actions\MessageCreate.js:31:14)
    at Object.module.exports [as MESSAGE_CREATE] (C:\Users\gards\OneDrive\Skrivebord\JS\node\Web\cad\node_modules\discord.js\src\client\websocket\handlers\MESSAGE_CREATE.js:4:32)
    at WebSocketManager.handlePacket (C:\Users\gards\OneDrive\Skrivebord\JS\node\Web\cad\node_modules\discord.js\src\client\websocket\WebSocketManager.js:386:31)
    at WebSocketShard.onPacket (C:\Users\gards\OneDrive\Skrivebord\JS\node\Web\cad\node_modules\discord.js\src\client\websocket\WebSocketShard.js:436:22)
    at WebSocketShard.onMessage (C:\Users\gards\OneDrive\Skrivebord\JS\node\Web\cad\node_modules\discord.js\src\client\websocket\WebSocketShard.js:293:10)
    at WebSocket.onMessage (C:\Users\gards\OneDrive\Skrivebord\JS\node\Web\cad\node_modules\ws\lib\event-target.js:120:16)
[12.7.2020 @ 19:36] ---------------
[12.7.2020 @ 19:36] Server started
[12.7.2020 @ 19:36] ---------------
[12.7.2020 @ 19:36] UncaugthException: Error: listen EADDRINUSE: address already in use :::80
    at Server.setupListenHandle [as _listen2] (net.js:1313:16)
    at listenInCluster (net.js:1361:12)
    at Server.listen (net.js:1449:7)
    at Object.<anonymous> (C:\Users\gards\OneDrive\Skrivebord\JS\node\Web\cad\index.js:22:48)
    at Module._compile (internal/modules/cjs/loader.js:1133:30)
    at Object.Module._extensions..js (internal/modules/cjs/loader.js:1153:10)
    at Module.load (internal/modules/cjs/loader.js:977:32)
    at Function.Module._load (internal/modules/cjs/loader.js:877:14)
    at Module.require (internal/modules/cjs/loader.js:1019:19)
    at require (internal/modules/cjs/helpers.js:77:18)
[12.7.2020 @ 19:43] ---------------
[12.7.2020 @ 19:43] Server started
[12.7.2020 @ 19:43] ---------------
[12.7.2020 @ 19:43] UncaugthException: Error: listen EADDRINUSE: address already in use :::80
    at Server.setupListenHandle [as _listen2] (net.js:1313:16)
    at listenInCluster (net.js:1361:12)
    at Server.listen (net.js:1449:7)
    at Object.<anonymous> (C:\Users\gards\OneDrive\Skrivebord\JS\node\Web\cad\index.js:22:48)
    at Module._compile (internal/modules/cjs/loader.js:1133:30)
    at Object.Module._extensions..js (internal/modules/cjs/loader.js:1153:10)
    at Module.load (internal/modules/cjs/loader.js:977:32)
    at Function.Module._load (internal/modules/cjs/loader.js:877:14)
    at Module.require (internal/modules/cjs/loader.js:1019:19)
    at require (internal/modules/cjs/helpers.js:77:18)
[12.7.2020 @ 19:45] ---------------
[12.7.2020 @ 19:45] Server started
[12.7.2020 @ 19:45] ---------------
[12.7.2020 @ 19:45] UncaugthException: Error: listen EADDRINUSE: address already in use :::80
    at Server.setupListenHandle [as _listen2] (net.js:1313:16)
    at listenInCluster (net.js:1361:12)
    at Server.listen (net.js:1449:7)
    at Object.<anonymous> (C:\Users\gards\OneDrive\Skrivebord\JS\node\Web\cad\index.js:22:48)
    at Module._compile (internal/modules/cjs/loader.js:1133:30)
    at Object.Module._extensions..js (internal/modules/cjs/loader.js:1153:10)
    at Module.load (internal/modules/cjs/loader.js:977:32)
    at Function.Module._load (internal/modules/cjs/loader.js:877:14)
    at Module.require (internal/modules/cjs/loader.js:1019:19)
    at require (internal/modules/cjs/helpers.js:77:18)
[12.7.2020 @ 21:19] ---------------
[12.7.2020 @ 21:19] Server started
[12.7.2020 @ 21:19] ---------------
[12.7.2020 @ 21:19] UncaugthException: Error: listen EADDRINUSE: address already in use :::80
    at Server.setupListenHandle [as _listen2] (net.js:1313:16)
    at listenInCluster (net.js:1361:12)
    at Server.listen (net.js:1449:7)
    at Object.<anonymous> (C:\Users\gards\OneDrive\Skrivebord\JS\node\Web\cad\index.js:22:48)
    at Module._compile (internal/modules/cjs/loader.js:1133:30)
    at Object.Module._extensions..js (internal/modules/cjs/loader.js:1153:10)
    at Module.load (internal/modules/cjs/loader.js:977:32)
    at Function.Module._load (internal/modules/cjs/loader.js:877:14)
    at Module.require (internal/modules/cjs/loader.js:1019:19)
    at require (internal/modules/cjs/helpers.js:77:18)
[12.7.2020 @ 21:20] ---------------
[12.7.2020 @ 21:20] Server started
[12.7.2020 @ 21:20] ---------------
[12.7.2020 @ 21:20] UncaugthException: Error: listen EADDRINUSE: address already in use :::80
    at Server.setupListenHandle [as _listen2] (net.js:1313:16)
    at listenInCluster (net.js:1361:12)
    at Server.listen (net.js:1449:7)
    at Object.<anonymous> (C:\Users\gards\OneDrive\Skrivebord\JS\node\Web\cad\index.js:22:48)
    at Module._compile (internal/modules/cjs/loader.js:1133:30)
    at Object.Module._extensions..js (internal/modules/cjs/loader.js:1153:10)
    at Module.load (internal/modules/cjs/loader.js:977:32)
    at Function.Module._load (internal/modules/cjs/loader.js:877:14)
    at Module.require (internal/modules/cjs/loader.js:1019:19)
    at require (internal/modules/cjs/helpers.js:77:18)
[12.7.2020 @ 21:20] ---------------
[12.7.2020 @ 21:20] Server started
[12.7.2020 @ 21:20] ---------------
[12.7.2020 @ 23:21] ---------------
[12.7.2020 @ 23:21] Server started
[12.7.2020 @ 23:21] ---------------
[12.7.2020 @ 23:23] ---------------
[12.7.2020 @ 23:23] Server started
[12.7.2020 @ 23:23] ---------------
[14.7.2020 @ 19:27] ---------------
[14.7.2020 @ 19:27] Server started
[14.7.2020 @ 19:27] ---------------
[14.7.2020 @ 19:32] -------------------------
[14.7.2020 @ 19:32] server shutting down
[14.7.2020 @ 19:32] -------------------------
[14.7.2020 @ 19:32] ---------------
[14.7.2020 @ 19:32] Server started
[14.7.2020 @ 19:32] ---------------
[16.7.2020 @ 20:46] ---------------
[16.7.2020 @ 20:46] Server started
[16.7.2020 @ 20:46] ---------------
[16.7.2020 @ 22:28] ---------------
[16.7.2020 @ 22:28] Server started
[16.7.2020 @ 22:28] ---------------
[17.7.2020 @ 13:13] ---------------
[17.7.2020 @ 13:13] Server started
[17.7.2020 @ 13:13] ---------------
[17.7.2020 @ 16:34] ---------------
[17.7.2020 @ 16:34] Server started
[17.7.2020 @ 16:34] ---------------
[17.7.2020 @ 20:08] ---------------
[17.7.2020 @ 20:08] Server started
[17.7.2020 @ 20:08] ---------------
[17.7.2020 @ 22:21] ---------------
[17.7.2020 @ 22:21] Server started
[17.7.2020 @ 22:21] ---------------
[18.7.2020 @ 3:27] ---------------
[18.7.2020 @ 3:27] Server started
[18.7.2020 @ 3:27] ---------------
[18.7.2020 @ 3:39] -------------------------
[18.7.2020 @ 3:39] server shutting down
[18.7.2020 @ 3:39] -------------------------
[18.7.2020 @ 3:39] ---------------
[18.7.2020 @ 3:39] Server started
[18.7.2020 @ 3:39] ---------------
[18.7.2020 @ 3:45] ---------------
[18.7.2020 @ 3:45] Server started
[18.7.2020 @ 3:45] ---------------
[25.7.2020 @ 18:10] ---------------
[25.7.2020 @ 18:10] Server started
[25.7.2020 @ 18:10] ---------------
[25.7.2020 @ 21:34] ---------------
[25.7.2020 @ 21:34] Server started
[25.7.2020 @ 21:34] ---------------
[3.8.2020 @ 15:12] ---------------
[3.8.2020 @ 15:12] Server started
[3.8.2020 @ 15:12] ---------------
[3.8.2020 @ 15:14] -------------------------
[3.8.2020 @ 15:14] server shutting down
[3.8.2020 @ 15:14] -------------------------
[3.8.2020 @ 15:14] ---------------
[3.8.2020 @ 15:14] Server started
[3.8.2020 @ 15:14] ---------------
[4.8.2020 @ 17:40] ---------------
[4.8.2020 @ 17:40] Server started
[4.8.2020 @ 17:40] ---------------
[4.8.2020 @ 17:40] -------------------------
[4.8.2020 @ 17:40] server shutting down
[4.8.2020 @ 17:40] -------------------------
[5.8.2020 @ 2:07] UncaugthException: Error: listen EADDRINUSE: address already in use :::3000
    at Server.setupListenHandle [as _listen2] (net.js:1313:16)
    at listenInCluster (net.js:1361:12)
    at Server.listen (net.js:1447:7)
    at Object.<anonymous> (C:\Users\gards\OneDrive\Skrivebord\JS\node\Web\cad\index.js:22:48)
    at Module._compile (internal/modules/cjs/loader.js:1137:30)
    at Object.Module._extensions..js (internal/modules/cjs/loader.js:1157:10)
    at Module.load (internal/modules/cjs/loader.js:985:32)
    at Function.Module._load (internal/modules/cjs/loader.js:878:14)
    at Module.require (internal/modules/cjs/loader.js:1025:19)
    at require (internal/modules/cjs/helpers.js:72:18)
[1.9.2020 @ 16:26] ---------------
[1.9.2020 @ 16:26] Server started
[1.9.2020 @ 16:26] ---------------
[1.9.2020 @ 16:38] gardsoreng@gmail.com Just added department LSPD , to user gardsoreng@gmail.com
[1.9.2020 @ 16:38] gardsoreng@gmail.com Just added department SAHP , to user gardsoreng@gmail.com
[1.9.2020 @ 16:38] gardsoreng@gmail.com Just added department LSCS , to user gardsoreng@gmail.com
[1.9.2020 @ 16:38] gardsoreng@gmail.com Just added department communications , to user gardsoreng@gmail.com
[1.9.2020 @ 16:46] -------------------------
[1.9.2020 @ 16:46] server shutting down
[1.9.2020 @ 16:46] -------------------------
[1.9.2020 @ 16:46] ---------------
[1.9.2020 @ 16:46] Server started
[1.9.2020 @ 16:46] ---------------
[23.10.2020 @ 14:06] ---------------
[23.10.2020 @ 14:06] Server started
[23.10.2020 @ 14:06] ---------------
[23.10.2020 @ 14:08] ---------------
[23.10.2020 @ 14:08] Server started
[23.10.2020 @ 14:08] ---------------
[23.10.2020 @ 14:09] ---------------
[23.10.2020 @ 14:09] Server started
[23.10.2020 @ 14:09] ---------------
[23.10.2020 @ 14:20] -------------------------
[23.10.2020 @ 14:20] server shutting down
[23.10.2020 @ 14:20] -------------------------
[23.10.2020 @ 14:20] ---------------
[23.10.2020 @ 14:20] Server started
[23.10.2020 @ 14:20] ---------------
[23.10.2020 @ 14:24] -------------------------
[23.10.2020 @ 14:24] server shutting down
[23.10.2020 @ 14:24] -------------------------
[23.10.2020 @ 14:24] ---------------
[23.10.2020 @ 14:24] Server started
[23.10.2020 @ 14:24] ---------------
[23.10.2020 @ 14:24] -------------------------
[23.10.2020 @ 14:24] server shutting down
[23.10.2020 @ 14:24] -------------------------
[23.10.2020 @ 14:24] ---------------
[23.10.2020 @ 14:24] Server started
[23.10.2020 @ 14:24] ---------------
[23.10.2020 @ 14:27] -------------------------
[23.10.2020 @ 14:27] server shutting down
[23.10.2020 @ 14:27] -------------------------
[23.10.2020 @ 14:27] ---------------
[23.10.2020 @ 14:27] Server started
[23.10.2020 @ 14:27] ---------------
[23.10.2020 @ 14:32] -------------------------
[23.10.2020 @ 14:32] server shutting down
[23.10.2020 @ 14:32] -------------------------
[23.10.2020 @ 14:32] ---------------
[23.10.2020 @ 14:32] Server started
[23.10.2020 @ 14:32] ---------------
[23.10.2020 @ 14:34] -------------------------
[23.10.2020 @ 14:34] server shutting down
[23.10.2020 @ 14:34] -------------------------
[23.10.2020 @ 14:34] ---------------
[23.10.2020 @ 14:34] Server started
[23.10.2020 @ 14:34] ---------------
[23.10.2020 @ 14:34] -------------------------
[23.10.2020 @ 14:34] server shutting down
[23.10.2020 @ 14:34] -------------------------
[23.10.2020 @ 14:34] ---------------
[23.10.2020 @ 14:34] Server started
[23.10.2020 @ 14:34] ---------------
[23.10.2020 @ 14:35] -------------------------
[23.10.2020 @ 14:35] server shutting down
[23.10.2020 @ 14:35] -------------------------
[23.10.2020 @ 14:35] ---------------
[23.10.2020 @ 14:35] Server started
[23.10.2020 @ 14:35] ---------------
[23.10.2020 @ 14:36] -------------------------
[23.10.2020 @ 14:36] server shutting down
[23.10.2020 @ 14:36] -------------------------
[23.10.2020 @ 14:36] ---------------
[23.10.2020 @ 14:36] Server started
[23.10.2020 @ 14:36] ---------------
[23.10.2020 @ 14:39] -------------------------
[23.10.2020 @ 14:39] server shutting down
[23.10.2020 @ 14:39] -------------------------
[23.10.2020 @ 14:39] ---------------
[23.10.2020 @ 14:39] Server started
[23.10.2020 @ 14:39] ---------------
[5.11.2020 @ 14:53] ---------------
[5.11.2020 @ 14:53] Server started
[5.11.2020 @ 14:53] ---------------
[5.11.2020 @ 14:57] -------------------------
[5.11.2020 @ 14:57] server shutting down
[5.11.2020 @ 14:57] -------------------------
[5.11.2020 @ 14:57] ---------------
[5.11.2020 @ 14:57] Server started
[5.11.2020 @ 14:57] ---------------
[5.11.2020 @ 14:59] -------------------------
[5.11.2020 @ 14:59] server shutting down
[5.11.2020 @ 14:59] -------------------------
[5.11.2020 @ 14:59] ---------------
[5.11.2020 @ 14:59] Server started
[5.11.2020 @ 14:59] ---------------
[5.11.2020 @ 15:03] -------------------------
[5.11.2020 @ 15:03] server shutting down
[5.11.2020 @ 15:03] -------------------------
[5.11.2020 @ 15:03] ---------------
[5.11.2020 @ 15:03] Server started
[5.11.2020 @ 15:03] ---------------
