[17.4.2020 @ 22:16] Log file created, to disable logging check the index.js file: config section 
[17.4.2020 @ 22:16] UncaugthException: ReferenceError: unchaugthException is not defined
    at Object.<anonymous> (C:\Users\gards\OneDrive\Skrivebord\node\Web\cad\index.js:573:1)
    at Module._compile (internal/modules/cjs/loader.js:959:30)
    at Object.Module._extensions..js (internal/modules/cjs/loader.js:995:10)
    at Module.load (internal/modules/cjs/loader.js:815:32)
    at Function.Module._load (internal/modules/cjs/loader.js:727:14)
    at Function.Module.runMain (internal/modules/cjs/loader.js:1047:10)
    at internal/main/run_main_module.js:17:11
[17.4.2020 @ 22:25] UncaugthException: Error: listen EADDRINUSE: address already in use :::3000
    at Server.setupListenHandle [as _listen2] (net.js:1301:14)
    at listenInCluster (net.js:1349:12)
    at Server.listen (net.js:1437:7)
    at Object.<anonymous> (C:\Users\gards\OneDrive\Skrivebord\node\Web\cad\index.js:15:48)
    at Module._compile (internal/modules/cjs/loader.js:959:30)
    at Object.Module._extensions..js (internal/modules/cjs/loader.js:995:10)
    at Module.load (internal/modules/cjs/loader.js:815:32)
    at Function.Module._load (internal/modules/cjs/loader.js:727:14)
    at Function.Module.runMain (internal/modules/cjs/loader.js:1047:10)
    at internal/main/run_main_module.js:17:11
